<?xml version="1.0" encoding="UTF-8"?>
<!-- Generated by org.testng.reporters.JUnitReportReporter -->
<testsuite hostname="LAPTOP-9J15PCB5" failures="0" tests="1" name="tests.ProductsTest" time="0.767" errors="0" timestamp="2025-03-03T12:54:13 IST" skipped="0">
  <testcase classname="tests.ProductsTest" name="verifyProduct" time="0.767"/>
</testsuite> <!-- tests.ProductsTest -->
