<?xml version="1.0" encoding="UTF-8"?>
<!-- Generated by org.testng.reporters.JUnitReportReporter -->
<testsuite hostname="LAPTOP-9J15PCB5" failures="0" tests="1" name="tests.ThankyouTest" time="2.129" errors="0" timestamp="2025-03-24T14:10:43 IST" skipped="0">
  <testcase classname="tests.ThankyouTest" name="verifyThankyouPage" time="2.129"/>
</testsuite> <!-- tests.ThankyouTest -->
