<?xml version="1.0" encoding="UTF-8"?>
<!-- Generated by org.testng.reporters.JUnitReportReporter -->
<testsuite hostname="LAPTOP-9J15PCB5" failures="0" tests="1" name="tests.CheckoutTest" time="1.452" errors="0" timestamp="2025-03-19T10:18:41 IST" skipped="0">
  <testcase classname="tests.CheckoutTest" name="verifyCheckout" time="1.452"/>
</testsuite> <!-- tests.CheckoutTest -->
